c:\users\brandon\source\repos\opensing\opensing\x64\debug\vc142.pdb
c:\users\brandon\source\repos\opensing\opensing\x64\debug\vc142.idb
c:\users\brandon\source\repos\opensing\opensing\x64\debug\glad.obj
c:\users\brandon\source\repos\opensing\opensing\x64\debug\syllable.obj
c:\users\brandon\source\repos\opensing\opensing\x64\debug\stb_image.obj
c:\users\brandon\source\repos\opensing\opensing\x64\debug\songloader.obj
c:\users\brandon\source\repos\opensing\opensing\x64\debug\song.obj
c:\users\brandon\source\repos\opensing\opensing\x64\debug\page.obj
c:\users\brandon\source\repos\opensing\opensing\x64\debug\main.obj
c:\users\brandon\source\repos\opensing\opensing\x64\debug\line.obj
c:\users\brandon\source\repos\opensing\opensing\x64\debug\fontmanager.obj
c:\users\brandon\source\repos\opensing\opensing\x64\debug\glyphmanager.obj
c:\users\brandon\source\repos\opensing\opensing\x64\debug\test.obj
c:\users\brandon\source\repos\opensing\x64\debug\opensing.exe
c:\users\brandon\source\repos\opensing\x64\debug\opensing.ilk
c:\users\brandon\source\repos\opensing\x64\debug\opensing.pdb
c:\users\brandon\source\repos\opensing\opensing\x64\debug\opensing.res
c:\users\brandon\source\repos\opensing\opensing\x64\debug\opensing.tlog\cl.command.1.tlog
c:\users\brandon\source\repos\opensing\opensing\x64\debug\opensing.tlog\cl.read.1.tlog
c:\users\brandon\source\repos\opensing\opensing\x64\debug\opensing.tlog\cl.write.1.tlog
c:\users\brandon\source\repos\opensing\opensing\x64\debug\opensing.tlog\link.command.1.tlog
c:\users\brandon\source\repos\opensing\opensing\x64\debug\opensing.tlog\link.read.1.tlog
c:\users\brandon\source\repos\opensing\opensing\x64\debug\opensing.tlog\link.write.1.tlog
c:\users\brandon\source\repos\opensing\opensing\x64\debug\opensing.tlog\metagen.read.1.tlog
c:\users\brandon\source\repos\opensing\opensing\x64\debug\opensing.tlog\metagen.write.1.tlog
c:\users\brandon\source\repos\opensing\opensing\x64\debug\opensing.tlog\rc.command.1.tlog
c:\users\brandon\source\repos\opensing\opensing\x64\debug\opensing.tlog\rc.read.1.tlog
c:\users\brandon\source\repos\opensing\opensing\x64\debug\opensing.tlog\rc.write.1.tlog
